Unity Editor version:    2020.3.39f1c1 (e8bb58ac2c1a)
Branch:                  2020.3/china_unity/release
Build type:              Release
Batch mode:              YES
macOS version:           Version 10.15.7 (Build 19H2)
Darwin version:          19.6.0
Architecture:            x86_64
Running under Rosetta:   NO
Available memory:        8192 MB
Using pre-set license
Pro License: NO

COMMAND LINE ARGUMENTS:
/Applications/Unity/Hub/Editor/2020.3.39f1c1/Unity.app/Contents/MacOS/Unity
-adb2
-batchMode
-noUpm
-name
AssetImportWorker0
-projectPath
/Users/huanghuimin/customize/ing/unity/project/CrowdEvolution
-logFile
Logs/AssetImportWorker0.log
-srvPort
50440
Successfully changed project path to: /Users/huanghuimin/customize/ing/unity/project/CrowdEvolution
/Users/huanghuimin/customize/ing/unity/project/CrowdEvolution
Using Asset Import Pipeline V2.
AS: AutoStreaming module initializing.Refreshing native plugins compatible for Editor in 95.91 ms, found 2 plugins.
Preloading 0 native plugins for Editor in 0.00 ms.
Initialize engine version: 2020.3.39f1c1 (e8bb58ac2c1a)
[Subsystems] Discovering subsystems at path /Applications/Unity/Hub/Editor/2020.3.39f1c1/Unity.app/Contents/Resources/UnitySubsystems
[Subsystems] Discovering subsystems at path /Users/huanghuimin/customize/ing/unity/project/CrowdEvolution/Assets
GfxDevice: creating device client; threaded=0
2022-11-09 20:16:30.315 Unity[40516:4702150] Color LCD preferred device: Intel(R) Iris(TM) Graphics 6000 (low power)
2022-11-09 20:16:30.315 Unity[40516:4702150] Metal devices available: 1
2022-11-09 20:16:30.315 Unity[40516:4702150] 0: Intel(R) Iris(TM) Graphics 6000 (low power)
2022-11-09 20:16:30.316 Unity[40516:4702150] Using device Intel(R) Iris(TM) Graphics 6000 (low power)
Initializing Metal device caps: Intel(R) Iris(TM) Graphics 6000
Initialize mono
Mono path[0] = '/Applications/Unity/Hub/Editor/2020.3.39f1c1/Unity.app/Contents/Managed'
Mono path[1] = '/Applications/Unity/Hub/Editor/2020.3.39f1c1/Unity.app/Contents/MonoBleedingEdge/lib/mono/unityjit'
Mono config path = '/Applications/Unity/Hub/Editor/2020.3.39f1c1/Unity.app/Contents/MonoBleedingEdge/etc'
Using monoOptions --debugger-agent=transport=dt_socket,embedding=1,server=y,suspend=n,address=127.0.0.1:56516
Begin MonoManager ReloadAssembly
Registering precompiled unity dll's ...
Register platform support module: /Applications/Unity/Hub/Editor/2020.3.39f1c1/Unity.app/Contents/PlaybackEngines/MacStandaloneSupport/UnityEditor.OSXStandalone.Extensions.dll
Registered in 0.001048 seconds.
Native extension for OSXStandalone target not found
Refreshing native plugins compatible for Editor in 56.76 ms, found 2 plugins.
Preloading 0 native plugins for Editor in 0.00 ms.
Mono: successfully reloaded assembly
- Completed reload, in  1.473 seconds
Domain Reload Profiling:
	ReloadAssembly (1474ms)
		BeginReloadAssembly (197ms)
			ExecutionOrderSort (0ms)
			DisableScriptedObjects (0ms)
			BackupInstance (0ms)
			ReleaseScriptingObjects (0ms)
			CreateAndSetChildDomain (2ms)
		EndReloadAssembly (1084ms)
			LoadAssemblies (199ms)
			RebuildTransferFunctionScriptingTraits (0ms)
			SetupTypeCache (455ms)
			ReleaseScriptCaches (0ms)
			RebuildScriptCaches (80ms)
			SetupLoadedEditorAssemblies (356ms)
				LogAssemblyErrors (0ms)
				InitializePlatformSupportModulesInManaged (9ms)
				SetLoadedEditorAssemblies (1ms)
				RefreshPlugins (57ms)
				BeforeProcessingInitializeOnLoad (26ms)
				ProcessInitializeOnLoadAttributes (203ms)
				ProcessInitializeOnLoadMethodAttributes (60ms)
				AfterProcessingInitializeOnLoad (0ms)
				EditorAssembliesLoaded (0ms)
			ExecutionOrderSort2 (0ms)
			AwakeInstancesAfterBackupRestoration (0ms)
Platform modules already initialized, skipping
Registering precompiled user dll's ...
Registered in 0.007523 seconds.
Begin MonoManager ReloadAssembly
Native extension for OSXStandalone target not found
Refreshing native plugins compatible for Editor in 0.45 ms, found 2 plugins.
Preloading 0 native plugins for Editor in 0.00 ms.
Mono: successfully reloaded assembly
- Completed reload, in  2.417 seconds
Domain Reload Profiling:
	ReloadAssembly (2419ms)
		BeginReloadAssembly (328ms)
			ExecutionOrderSort (0ms)
			DisableScriptedObjects (10ms)
			BackupInstance (0ms)
			ReleaseScriptingObjects (0ms)
			CreateAndSetChildDomain (73ms)
		EndReloadAssembly (1960ms)
			LoadAssemblies (176ms)
			RebuildTransferFunctionScriptingTraits (0ms)
			SetupTypeCache (853ms)
			ReleaseScriptCaches (1ms)
			RebuildScriptCaches (106ms)
			SetupLoadedEditorAssemblies (605ms)
				LogAssemblyErrors (0ms)
				InitializePlatformSupportModulesInManaged (8ms)
				SetLoadedEditorAssemblies (1ms)
				RefreshPlugins (1ms)
				BeforeProcessingInitializeOnLoad (146ms)
				ProcessInitializeOnLoadAttributes (417ms)
				ProcessInitializeOnLoadMethodAttributes (29ms)
				AfterProcessingInitializeOnLoad (2ms)
				EditorAssembliesLoaded (0ms)
			ExecutionOrderSort2 (0ms)
			AwakeInstancesAfterBackupRestoration (4ms)
Platform modules already initialized, skipping
Validating Project structure ... 0.000441 seconds.

LICENSE SYSTEM [2022119 20:16:36] Next license update check is after 2022-11-10T12:16:08

Shader import version has changed; will reimport all shaders...
Upgrading shader files ...0.000656 seconds.
Application.AssetDatabase Initial Script Refresh Start
RefreshInfo: InitialScriptRefreshV2(NoUpdateAssetOptions) scanfilter:  ... 1 filters
RefreshProfiler: Total: 0.000ms
Application.AssetDatabase Initial Script Refresh End
Application.AssetDatabase.Refresh Start
Application.AssetDatabase.Refresh End
RefreshInfo: StopAssetImportingV2(ForceSynchronousImport) scanfilter: 
RefreshProfiler: Total: 0.000ms
Launching external process: /Applications/Unity/Hub/Editor/2020.3.39f1c1/Unity.app/Contents/Tools/UnityShaderCompiler
Launched and connected shader compiler UnityShaderCompiler after 0.03 seconds
Initializing Unity extensions:
========================================================================
Worker process is ready to serve import requests
Refreshing native plugins compatible for Editor in 0.70 ms, found 2 plugins.
Preloading 0 native plugins for Editor in 0.00 ms.
Unloading 1528 Unused Serialized files (Serialized files now loaded: 0)
System memory in use before: 179.9 MB.
System memory in use after: 179.1 MB.

Unloading 78 unused Assets to reduce memory usage. Loaded Objects now: 2003.
Total: 6.264166 ms (FindLiveObjects: 0.305648 ms CreateObjectMapping: 0.183513 ms MarkObjects: 4.872216 ms  DeleteObjects: 0.900742 ms)

AssetImportParameters requested are different than current active one (requested -> active):
  custom:video-decoder-ogg-theora: a1e56fd34408186e4bbccfd4996cb3dc -> 
  custom:container-muxer-webm: aa71ff27fc2769a1b78a27578f13a17b -> 
  custom:container-demuxer-webm: 4f35f7cbe854078d1ac9338744f61a02 -> 
  custom:container-demuxer-ogg: 62fdf1f143b41e24485cea50d1cbac27 -> 
  custom:video-encoder-webm-vp8: eb34c28f22e8b96e1ab97ce403110664 -> 
  custom:framework-osx-AVFoundation: b23960f63f64bdc6ff669e2cdcee2391 -> 
  custom:video-decoder-webm-vp8: 9c59270c3fd7afecdb556c50c9e8de78 -> 
  custom:audio-decoder-ogg-vorbis: bf7c407c2cedff20999df2af8eb42d56 -> 
  custom:audio-encoder-webm-vorbis: bf7c407c2cedff20999df2af8eb42d56 -> 
========================================================================
Received Import Request.
  path: Assets/Meterials/green.mat
  artifactKey: Guid(784861d4589bb4528b00a989468dba16) Importer(815301076,1909f56bfc062723c751e8b465ee728b)
Start importing Assets/Meterials/green.mat using Guid(784861d4589bb4528b00a989468dba16) Importer(815301076,1909f56bfc062723c751e8b465ee728b)  -> (artifact id: '45256f189dc99407bbc7e47ca8e9aed4') in 1.468330 seconds 
========================================================================
Received Import Request.
  Time since last request: 4102.200941 seconds.
  path: Assets/VIASS FreeCharacter Pack
  artifactKey: Guid(bfea09c5bc71b9c41b4e1b12ab64a523) Importer(815301076,1909f56bfc062723c751e8b465ee728b)
Start importing Assets/VIASS FreeCharacter Pack using Guid(bfea09c5bc71b9c41b4e1b12ab64a523) Importer(815301076,1909f56bfc062723c751e8b465ee728b)  -> (artifact id: 'bec113ca9eef9bfafad5b38b31a3c6f9') in 0.009126 seconds 
========================================================================
Received Import Request.
  Time since last request: 4.439988 seconds.
  path: Assets/VIASS FreeCharacter Pack/Scene Demo
  artifactKey: Guid(7add99c417320da45ab90eae62b05222) Importer(815301076,1909f56bfc062723c751e8b465ee728b)
Start importing Assets/VIASS FreeCharacter Pack/Scene Demo using Guid(7add99c417320da45ab90eae62b05222) Importer(815301076,1909f56bfc062723c751e8b465ee728b)  -> (artifact id: '3c273da2233003f08cf1d272834c665c') in 0.005791 seconds 
========================================================================
Received Import Request.
  Time since last request: 1.724663 seconds.
  path: Assets/VIASS FreeCharacter Pack/Scene Demo/Scene Demo.unity
  artifactKey: Guid(1db9ca7cc87012343b9f4a2d62e442be) Importer(815301076,1909f56bfc062723c751e8b465ee728b)
Start importing Assets/VIASS FreeCharacter Pack/Scene Demo/Scene Demo.unity using Guid(1db9ca7cc87012343b9f4a2d62e442be) Importer(815301076,1909f56bfc062723c751e8b465ee728b)  -> (artifact id: 'ec8624d76fffb1af67f9544926d708d8') in 0.004887 seconds 
========================================================================
Received Prepare
Registering precompiled user dll's ...
Registered in 0.002178 seconds.
Begin MonoManager ReloadAssembly
Native extension for OSXStandalone target not found
Refreshing native plugins compatible for Editor in 0.62 ms, found 2 plugins.
Preloading 0 native plugins for Editor in 0.00 ms.
Mono: successfully reloaded assembly
- Completed reload, in  2.680 seconds
Domain Reload Profiling:
	ReloadAssembly (2684ms)
		BeginReloadAssembly (486ms)
			ExecutionOrderSort (0ms)
			DisableScriptedObjects (18ms)
			BackupInstance (0ms)
			ReleaseScriptingObjects (1ms)
			CreateAndSetChildDomain (238ms)
		EndReloadAssembly (2066ms)
			LoadAssemblies (290ms)
			RebuildTransferFunctionScriptingTraits (0ms)
			SetupTypeCache (707ms)
			ReleaseScriptCaches (5ms)
			RebuildScriptCaches (156ms)
			SetupLoadedEditorAssemblies (731ms)
				LogAssemblyErrors (0ms)
				InitializePlatformSupportModulesInManaged (10ms)
				SetLoadedEditorAssemblies (1ms)
				RefreshPlugins (1ms)
				BeforeProcessingInitializeOnLoad (241ms)
				ProcessInitializeOnLoadAttributes (441ms)
				ProcessInitializeOnLoadMethodAttributes (33ms)
				AfterProcessingInitializeOnLoad (3ms)
				EditorAssembliesLoaded (0ms)
			ExecutionOrderSort2 (0ms)
			AwakeInstancesAfterBackupRestoration (4ms)
Platform modules already initialized, skipping
Switching build target platform(2) subTarget(0) extendedPlatform(0) -> platform(13) subTarget(537395200) extendedPlatform(0)
Refreshing native plugins compatible for Editor in 0.52 ms, found 2 plugins.
Preloading 0 native plugins for Editor in 0.00 ms.
Unloading 1525 Unused Serialized files (Serialized files now loaded: 0)
System memory in use before: 184.5 MB.
System memory in use after: 184.6 MB.

Unloading 13 unused Assets to reduce memory usage. Loaded Objects now: 2047.
Total: 4.875096 ms (FindLiveObjects: 0.304651 ms CreateObjectMapping: 0.155370 ms MarkObjects: 4.295470 ms  DeleteObjects: 0.118016 ms)

AssetImportParameters requested are different than current active one (requested -> active):
  custom:video-decoder-ogg-theora: a1e56fd34408186e4bbccfd4996cb3dc -> 
  custom:container-muxer-webm: aa71ff27fc2769a1b78a27578f13a17b -> 
  custom:container-demuxer-webm: 4f35f7cbe854078d1ac9338744f61a02 -> 
  custom:container-demuxer-ogg: 62fdf1f143b41e24485cea50d1cbac27 -> 
  custom:video-encoder-webm-vp8: eb34c28f22e8b96e1ab97ce403110664 -> 
  custom:framework-osx-AVFoundation: b23960f63f64bdc6ff669e2cdcee2391 -> 
  custom:video-decoder-webm-vp8: 9c59270c3fd7afecdb556c50c9e8de78 -> 
  custom:graphics/normal-map-encoding: 01000000000000000000000000000000 -> 02000000000000000000000000000000
  custom:audio-decoder-ogg-vorbis: bf7c407c2cedff20999df2af8eb42d56 -> 
  custom:audio-encoder-webm-vorbis: bf7c407c2cedff20999df2af8eb42d56 -> 
========================================================================
Received Prepare
Registering precompiled user dll's ...
Registered in 0.003280 seconds.
Begin MonoManager ReloadAssembly
Native extension for OSXStandalone target not found
Refreshing native plugins compatible for Editor in 0.60 ms, found 2 plugins.
Preloading 0 native plugins for Editor in 0.00 ms.
Mono: successfully reloaded assembly
- Completed reload, in  2.784 seconds
Domain Reload Profiling:
	ReloadAssembly (2785ms)
		BeginReloadAssembly (420ms)
			ExecutionOrderSort (0ms)
			DisableScriptedObjects (11ms)
			BackupInstance (0ms)
			ReleaseScriptingObjects (0ms)
			CreateAndSetChildDomain (181ms)
		EndReloadAssembly (2173ms)
			LoadAssemblies (352ms)
			RebuildTransferFunctionScriptingTraits (0ms)
			SetupTypeCache (889ms)
			ReleaseScriptCaches (1ms)
			RebuildScriptCaches (118ms)
			SetupLoadedEditorAssemblies (685ms)
				LogAssemblyErrors (0ms)
				InitializePlatformSupportModulesInManaged (8ms)
				SetLoadedEditorAssemblies (1ms)
				RefreshPlugins (1ms)
				BeforeProcessingInitializeOnLoad (225ms)
				ProcessInitializeOnLoadAttributes (414ms)
				ProcessInitializeOnLoadMethodAttributes (33ms)
				AfterProcessingInitializeOnLoad (3ms)
				EditorAssembliesLoaded (1ms)
			ExecutionOrderSort2 (0ms)
			AwakeInstancesAfterBackupRestoration (4ms)
Platform modules already initialized, skipping
Switching build target platform(2) subTarget(0) extendedPlatform(0) -> platform(13) subTarget(537395200) extendedPlatform(0)
Refreshing native plugins compatible for Editor in 0.51 ms, found 2 plugins.
Preloading 0 native plugins for Editor in 0.00 ms.
Unloading 1525 Unused Serialized files (Serialized files now loaded: 0)
System memory in use before: 184.7 MB.
System memory in use after: 184.8 MB.

Unloading 12 unused Assets to reduce memory usage. Loaded Objects now: 2050.
Total: 4.806071 ms (FindLiveObjects: 0.278571 ms CreateObjectMapping: 0.160191 ms MarkObjects: 4.229239 ms  DeleteObjects: 0.136215 ms)

AssetImportParameters requested are different than current active one (requested -> active):
  custom:video-decoder-ogg-theora: a1e56fd34408186e4bbccfd4996cb3dc -> 
  custom:container-muxer-webm: aa71ff27fc2769a1b78a27578f13a17b -> 
  custom:container-demuxer-webm: 4f35f7cbe854078d1ac9338744f61a02 -> 
  custom:container-demuxer-ogg: 62fdf1f143b41e24485cea50d1cbac27 -> 
  custom:video-encoder-webm-vp8: eb34c28f22e8b96e1ab97ce403110664 -> 
  custom:framework-osx-AVFoundation: b23960f63f64bdc6ff669e2cdcee2391 -> 
  custom:video-decoder-webm-vp8: 9c59270c3fd7afecdb556c50c9e8de78 -> 
  custom:graphics/normal-map-encoding: 01000000000000000000000000000000 -> 02000000000000000000000000000000
  custom:audio-decoder-ogg-vorbis: bf7c407c2cedff20999df2af8eb42d56 -> 
  custom:audio-encoder-webm-vorbis: bf7c407c2cedff20999df2af8eb42d56 -> 
========================================================================
Received Prepare
Registering precompiled user dll's ...
Registered in 0.004327 seconds.
Begin MonoManager ReloadAssembly
Native extension for OSXStandalone target not found
Refreshing native plugins compatible for Editor in 7.72 ms, found 2 plugins.
Preloading 0 native plugins for Editor in 0.00 ms.
Mono: successfully reloaded assembly
- Completed reload, in  3.747 seconds
Domain Reload Profiling:
	ReloadAssembly (3747ms)
		BeginReloadAssembly (233ms)
			ExecutionOrderSort (0ms)
			DisableScriptedObjects (10ms)
			BackupInstance (0ms)
			ReleaseScriptingObjects (0ms)
			CreateAndSetChildDomain (117ms)
		EndReloadAssembly (3298ms)
			LoadAssemblies (164ms)
			RebuildTransferFunctionScriptingTraits (0ms)
			SetupTypeCache (1116ms)
			ReleaseScriptCaches (2ms)
			RebuildScriptCaches (278ms)
			SetupLoadedEditorAssemblies (1063ms)
				LogAssemblyErrors (0ms)
				InitializePlatformSupportModulesInManaged (31ms)
				SetLoadedEditorAssemblies (1ms)
				RefreshPlugins (8ms)
				BeforeProcessingInitializeOnLoad (347ms)
				ProcessInitializeOnLoadAttributes (635ms)
				ProcessInitializeOnLoadMethodAttributes (37ms)
				AfterProcessingInitializeOnLoad (3ms)
				EditorAssembliesLoaded (0ms)
			ExecutionOrderSort2 (0ms)
			AwakeInstancesAfterBackupRestoration (5ms)
Platform modules already initialized, skipping
Switching build target platform(2) subTarget(0) extendedPlatform(0) -> platform(13) subTarget(537395200) extendedPlatform(0)
Refreshing native plugins compatible for Editor in 0.86 ms, found 2 plugins.
Preloading 0 native plugins for Editor in 0.00 ms.
Unloading 1525 Unused Serialized files (Serialized files now loaded: 0)
System memory in use before: 184.9 MB.
System memory in use after: 184.9 MB.

Unloading 12 unused Assets to reduce memory usage. Loaded Objects now: 2053.
Total: 5.985531 ms (FindLiveObjects: 0.379492 ms CreateObjectMapping: 0.179331 ms MarkObjects: 5.321628 ms  DeleteObjects: 0.103151 ms)

AssetImportParameters requested are different than current active one (requested -> active):
  custom:video-decoder-ogg-theora: a1e56fd34408186e4bbccfd4996cb3dc -> 
  custom:container-muxer-webm: aa71ff27fc2769a1b78a27578f13a17b -> 
  custom:container-demuxer-webm: 4f35f7cbe854078d1ac9338744f61a02 -> 
  custom:container-demuxer-ogg: 62fdf1f143b41e24485cea50d1cbac27 -> 
  custom:video-encoder-webm-vp8: eb34c28f22e8b96e1ab97ce403110664 -> 
  custom:framework-osx-AVFoundation: b23960f63f64bdc6ff669e2cdcee2391 -> 
  custom:video-decoder-webm-vp8: 9c59270c3fd7afecdb556c50c9e8de78 -> 
  custom:graphics/normal-map-encoding: 01000000000000000000000000000000 -> 02000000000000000000000000000000
  custom:audio-decoder-ogg-vorbis: bf7c407c2cedff20999df2af8eb42d56 -> 
  custom:audio-encoder-webm-vorbis: bf7c407c2cedff20999df2af8eb42d56 -> 
========================================================================
Received Import Request.
  Time since last request: 356.952171 seconds.
  path: Assets/Game.unity
  artifactKey: Guid(78711b5b5803c42deb7a60cf91c0e7b4) Importer(815301076,1909f56bfc062723c751e8b465ee728b)
Start importing Assets/Game.unity using Guid(78711b5b5803c42deb7a60cf91c0e7b4) Importer(815301076,1909f56bfc062723c751e8b465ee728b)  -> (artifact id: '672dc843c78a763e030e7a5c59989a89') in 0.017769 seconds 
========================================================================
Received Import Request.
  Time since last request: 7.559059 seconds.
  path: Assets/VIASS FreeCharacter Pack/FileTexture
  artifactKey: Guid(947d15cf279dd95418236ba02c72ab84) Importer(815301076,1909f56bfc062723c751e8b465ee728b)
Start importing Assets/VIASS FreeCharacter Pack/FileTexture using Guid(947d15cf279dd95418236ba02c72ab84) Importer(815301076,1909f56bfc062723c751e8b465ee728b)  -> (artifact id: 'f4f79131043a14378435691c784eb550') in 0.002632 seconds 
========================================================================
Received Import Request.
  Time since last request: 0.110497 seconds.
  path: Assets/VIASS FreeCharacter Pack/FileTexture/VIASS_Dman_dif.png
  artifactKey: Guid(1e1bd48fc756d7b4ea759a3679d79569) Importer(815301076,1909f56bfc062723c751e8b465ee728b)
Start importing Assets/VIASS FreeCharacter Pack/FileTexture/VIASS_Dman_dif.png using Guid(1e1bd48fc756d7b4ea759a3679d79569) Importer(815301076,1909f56bfc062723c751e8b465ee728b)  -> (artifact id: 'f10d540130169ae07ed4214bba3f4cfc') in 0.997180 seconds 
========================================================================
Received Import Request.
  Time since last request: 6.658314 seconds.
  path: Assets/VIASS FreeCharacter Pack/FIle prefab
  artifactKey: Guid(e2eaa6cc5831ad0449cbd1f1209c91ea) Importer(815301076,1909f56bfc062723c751e8b465ee728b)
Start importing Assets/VIASS FreeCharacter Pack/FIle prefab using Guid(e2eaa6cc5831ad0449cbd1f1209c91ea) Importer(815301076,1909f56bfc062723c751e8b465ee728b)  -> (artifact id: 'dd30b440ff0b5135b7f0e318a51a4887') in 0.003246 seconds 
========================================================================
Received Import Request.
  Time since last request: 0.094302 seconds.
  path: Assets/VIASS FreeCharacter Pack/FIle prefab/VIASS_Dman.prefab
  artifactKey: Guid(eea16ef0f58854448aaa9db9257bc84b) Importer(815301076,1909f56bfc062723c751e8b465ee728b)
Start importing Assets/VIASS FreeCharacter Pack/FIle prefab/VIASS_Dman.prefab using Guid(eea16ef0f58854448aaa9db9257bc84b) Importer(815301076,1909f56bfc062723c751e8b465ee728b)  -> (artifact id: 'a1fb9a25d196a88af1fdad64ba118082') in 0.813709 seconds 
========================================================================
Received Import Request.
  Time since last request: 4.108505 seconds.
  path: Assets/VIASS FreeCharacter Pack/File Material
  artifactKey: Guid(33e907e724727c04ca9355b91055407f) Importer(815301076,1909f56bfc062723c751e8b465ee728b)
Start importing Assets/VIASS FreeCharacter Pack/File Material using Guid(33e907e724727c04ca9355b91055407f) Importer(815301076,1909f56bfc062723c751e8b465ee728b)  -> (artifact id: '029590738c66eedf5e9bed97511b77b7') in 0.007222 seconds 
========================================================================
Received Import Request.
  Time since last request: 1.148971 seconds.
  path: Assets/VIASS FreeCharacter Pack/File Material/Materials_VIASS_Dman
  artifactKey: Guid(03ae5b0d994e7094f9674f01a17a29cd) Importer(815301076,1909f56bfc062723c751e8b465ee728b)
Start importing Assets/VIASS FreeCharacter Pack/File Material/Materials_VIASS_Dman using Guid(03ae5b0d994e7094f9674f01a17a29cd) Importer(815301076,1909f56bfc062723c751e8b465ee728b)  -> (artifact id: '16564ab0ee2ea810ed7a9e88518ce49f') in 0.006496 seconds 
========================================================================
Received Import Request.
  Time since last request: 0.098584 seconds.
  path: Assets/VIASS FreeCharacter Pack/File Material/Materials_VIASS_Dman/VIASS_Dman_dif.mat
  artifactKey: Guid(fcfc1f26354628848bb0098d0594e1b7) Importer(815301076,1909f56bfc062723c751e8b465ee728b)
Start importing Assets/VIASS FreeCharacter Pack/File Material/Materials_VIASS_Dman/VIASS_Dman_dif.mat using Guid(fcfc1f26354628848bb0098d0594e1b7) Importer(815301076,1909f56bfc062723c751e8b465ee728b)  -> (artifact id: '8e61ea365f2b09fda2255b374e0e0f71') in 0.089669 seconds 
========================================================================
Received Prepare
Registering precompiled user dll's ...
Registered in 0.002750 seconds.
Begin MonoManager ReloadAssembly
Native extension for OSXStandalone target not found
Refreshing native plugins compatible for Editor in 4.13 ms, found 2 plugins.
Preloading 0 native plugins for Editor in 0.00 ms.
Mono: successfully reloaded assembly
- Completed reload, in  9.796 seconds
Domain Reload Profiling:
	ReloadAssembly (9806ms)
		BeginReloadAssembly (1969ms)
			ExecutionOrderSort (0ms)
			DisableScriptedObjects (56ms)
			BackupInstance (0ms)
			ReleaseScriptingObjects (1ms)
			CreateAndSetChildDomain (977ms)
		EndReloadAssembly (7052ms)
			LoadAssemblies (1275ms)
			RebuildTransferFunctionScriptingTraits (0ms)
			SetupTypeCache (3868ms)
			ReleaseScriptCaches (58ms)
			RebuildScriptCaches (309ms)
			SetupLoadedEditorAssemblies (1457ms)
				LogAssemblyErrors (0ms)
				InitializePlatformSupportModulesInManaged (18ms)
				SetLoadedEditorAssemblies (3ms)
				RefreshPlugins (4ms)
				BeforeProcessingInitializeOnLoad (439ms)
				ProcessInitializeOnLoadAttributes (915ms)
				ProcessInitializeOnLoadMethodAttributes (67ms)
				AfterProcessingInitializeOnLoad (10ms)
				EditorAssembliesLoaded (1ms)
			ExecutionOrderSort2 (0ms)
			AwakeInstancesAfterBackupRestoration (10ms)
Platform modules already initialized, skipping
Switching build target platform(2) subTarget(0) extendedPlatform(0) -> platform(13) subTarget(537395200) extendedPlatform(0)
Refreshing native plugins compatible for Editor in 1.15 ms, found 2 plugins.
Preloading 0 native plugins for Editor in 0.00 ms.
Unloading 1525 Unused Serialized files (Serialized files now loaded: 0)
System memory in use before: 206.9 MB.
System memory in use after: 207.0 MB.

Unloading 12 unused Assets to reduce memory usage. Loaded Objects now: 2060.
Total: 6.395011 ms (FindLiveObjects: 0.658847 ms CreateObjectMapping: 0.128691 ms MarkObjects: 5.445811 ms  DeleteObjects: 0.159640 ms)

AssetImportParameters requested are different than current active one (requested -> active):
  custom:video-decoder-ogg-theora: a1e56fd34408186e4bbccfd4996cb3dc -> 
  custom:container-muxer-webm: aa71ff27fc2769a1b78a27578f13a17b -> 
  custom:container-demuxer-webm: 4f35f7cbe854078d1ac9338744f61a02 -> 
  custom:container-demuxer-ogg: 62fdf1f143b41e24485cea50d1cbac27 -> 
  custom:video-encoder-webm-vp8: eb34c28f22e8b96e1ab97ce403110664 -> 
  custom:framework-osx-AVFoundation: b23960f63f64bdc6ff669e2cdcee2391 -> 
  custom:video-decoder-webm-vp8: 9c59270c3fd7afecdb556c50c9e8de78 -> 
  custom:graphics/normal-map-encoding: 01000000000000000000000000000000 -> 02000000000000000000000000000000
  custom:audio-decoder-ogg-vorbis: bf7c407c2cedff20999df2af8eb42d56 -> 
  custom:audio-encoder-webm-vorbis: bf7c407c2cedff20999df2af8eb42d56 -> 
AssetImportWorkerClient::OnTransportError - code=2 error=End of file
